<?xml version="1.0" encoding="UTF-8"?>
<!-- Generated by org.testng.reporters.JUnitReportReporter -->
<testsuite hostname="WKWIN4229901" failures="0" tests="1" name="Tests.PersonalDetailsPage" time="8.267" errors="0" timestamp="18 Jan 2025 18:25:00 GMT" skipped="0">
  <testcase classname="Tests.PersonalDetailsPage" name="start_OnboardingJourney" time="8.267"/>
</testsuite> <!-- Tests.PersonalDetailsPage -->
