<?xml version="1.0" encoding="UTF-8"?>
<!-- Generated by org.testng.reporters.JUnitReportReporter -->
<testsuite hostname="WKWIN4229901" failures="0" tests="3" name="Tests.Accounts_DetailsPage" time="23.035" errors="0" timestamp="20 Jan 2025 18:57:51 GMT" skipped="0">
  <testcase classname="Tests.Accounts_DetailsPage" name="validateEmailFieldWithInvalidData" time="10.440"/>
  <testcase classname="Tests.Accounts_DetailsPage" name="validateEmailFieldWithValidData" time="9.848"/>
  <testcase classname="Tests.Accounts_DetailsPage" name="validateMobileFieldWithValidData" time="2.747"/>
</testsuite> <!-- Tests.Accounts_DetailsPage -->
