<?xml version="1.0" encoding="UTF-8"?>
<!-- Generated by org.testng.reporters.JUnitReportReporter -->
<testsuite hostname="WKWIN4229901" failures="0" tests="1" name="Tests.Personal_DetailsPage" time="6.210" errors="0" timestamp="20 Jan 2025 18:57:51 GMT" skipped="0">
  <testcase classname="Tests.Personal_DetailsPage" name="personalDetails_onboardingJourney" time="6.210"/>
</testsuite> <!-- Tests.Personal_DetailsPage -->
