<?xml version="1.0" encoding="UTF-8"?>
<!-- Generated by org.testng.reporters.JUnitReportReporter -->
<testsuite hostname="WKWIN4229901" failures="0" tests="2" name="Tests.HomePage" time="12.046" errors="0" timestamp="18 Jan 2025 18:25:00 GMT" skipped="0">
  <testcase classname="Tests.HomePage" name="validate_HomePage" time="4.638"/>
  <testcase classname="Tests.HomePage" name="initiate_Onboarding" time="7.408"/>
</testsuite> <!-- Tests.HomePage -->
